[debug] [2020-02-18T18:30:05.016Z] ----------------------------------------------------------------------
[debug] [2020-02-18T18:30:05.017Z] Command:       /usr/local/Cellar/node@12/12.13.1/bin/node /usr/local/bin/firebase deploy --only functions
[debug] [2020-02-18T18:30:05.017Z] CLI Version:   7.13.0
[debug] [2020-02-18T18:30:05.017Z] Platform:      darwin
[debug] [2020-02-18T18:30:05.017Z] Node Version:  v12.13.1
[debug] [2020-02-18T18:30:05.018Z] Time:          Tue Feb 18 2020 19:30:05 GMT+0100 (Central European Standard Time)
[debug] [2020-02-18T18:30:05.018Z] ----------------------------------------------------------------------
[debug] [2020-02-18T18:30:05.018Z] 
[debug] [2020-02-18T18:30:05.024Z] > command requires scopes: ["email","openid","https://www.googleapis.com/auth/cloudplatformprojects.readonly","https://www.googleapis.com/auth/firebase","https://www.googleapis.com/auth/cloud-platform"]
[debug] [2020-02-18T18:30:05.025Z] > authorizing via signed-in user
[debug] [2020-02-18T18:30:05.025Z] [iam] checking project drink-counter-f8e16 for permissions ["cloudfunctions.functions.create","cloudfunctions.functions.delete","cloudfunctions.functions.get","cloudfunctions.functions.list","cloudfunctions.functions.update","cloudfunctions.operations.get","firebase.projects.get"]
[debug] [2020-02-18T18:30:05.026Z] > refreshing access token with scopes: ["email","https://www.googleapis.com/auth/cloud-platform","https://www.googleapis.com/auth/cloudplatformprojects.readonly","https://www.googleapis.com/auth/firebase","openid"]
[debug] [2020-02-18T18:30:05.026Z] >>> HTTP REQUEST POST https://www.googleapis.com/oauth2/v3/token  
 <request body omitted>
[debug] [2020-02-18T18:30:05.445Z] <<< HTTP RESPONSE 200
[debug] [2020-02-18T18:30:05.462Z] >>> HTTP REQUEST POST https://cloudresourcemanager.googleapis.com/v1/projects/drink-counter-f8e16:testIamPermissions  

[debug] [2020-02-18T18:30:06.650Z] <<< HTTP RESPONSE 200
[info] 
[info] === Deploying to 'drink-counter-f8e16'...
[info] 
[info] i  deploying functions
[info] Running command: npm --prefix "$RESOURCE_DIR" run lint
[info] Running command: npm --prefix "$RESOURCE_DIR" run build
